<?xml version="1.0" encoding="UTF-8"?>
<!-- Generated by org.testng.reporters.JUnitReportReporter -->
<testsuite skipped="0" hostname="Ayfers-MacBook-Pro.local" name="Tests.TimeLineMainTestPage" tests="1" failures="0" timestamp="31 Dec 2019 03:20:33 GMT" time="13.404" errors="0">
  <testcase name="timeLine" time="13.404" classname="Tests.TimeLineMainTestPage"/>
</testsuite> <!-- Tests.TimeLineMainTestPage -->
