<?xml version="1.0" encoding="UTF-8"?>
<!-- Generated by org.testng.reporters.JUnitReportReporter -->
<testsuite skipped="0" hostname="Ayfers-MacBook-Pro.local" name="Tests.VerizonMainPageTest" tests="2" failures="0" timestamp="15 Nov 2019 01:05:56 GMT" time="23.377" errors="0">
  <testcase name="getTitle" time="9.306" classname="Tests.VerizonMainPageTest"/>
  <testcase name="doSendAndClick" time="14.071" classname="Tests.VerizonMainPageTest"/>
</testsuite> <!-- Tests.VerizonMainPageTest -->
