<?xml version="1.0" encoding="UTF-8"?>
<!-- Generated by org.testng.reporters.JUnitReportReporter -->
<testsuite skipped="0" hostname="Ayfers-MacBook-Pro.local" name="Tests.VerizonSelectedDevicePageTest" tests="2" failures="0" timestamp="20 Nov 2019 22:36:34 GMT" time="4.398" errors="0">
  <testcase name="deviceName" time="0.046" classname="Tests.VerizonSelectedDevicePageTest"/>
  <testcase name="doSendAndClick" time="4.352" classname="Tests.VerizonSelectedDevicePageTest"/>
</testsuite> <!-- Tests.VerizonSelectedDevicePageTest -->
