<?xml version="1.0" encoding="UTF-8"?>
<!-- Generated by org.testng.reporters.JUnitReportReporter -->
<testsuite skipped="0" hostname="Ayfers-MacBook-Pro.local" name="Tests.HotelsMainPageTest" tests="1" failures="0" timestamp="02 Dec 2019 04:52:23 GMT" time="55.360" errors="0">
  <testcase name="doSendAndClick" time="55.360" classname="Tests.HotelsMainPageTest"/>
</testsuite> <!-- Tests.HotelsMainPageTest -->
