<?xml version="1.0" encoding="UTF-8"?>
<!-- Generated by org.testng.reporters.JUnitReportReporter -->
<testsuite skipped="1" hostname="Ayfers-MacBook-Pro.local" name="Tests.VerizonPhoneFeaturesPageTest" tests="2" failures="0" timestamp="15 Nov 2019 05:32:33 GMT" time="87.260" errors="0">
  <testcase name="doSendAndClick" time="87.260" classname="Tests.VerizonPhoneFeaturesPageTest"/>
  <testcase name="selectedPhoneName" classname="Tests.VerizonPhoneFeaturesPageTest">
    <skipped/>
  </testcase> <!-- selectedPhoneName -->
</testsuite> <!-- Tests.VerizonPhoneFeaturesPageTest -->
