<?xml version="1.0" encoding="UTF-8"?>
<!-- Generated by org.testng.reporters.JUnitReportReporter -->
<testsuite skipped="0" hostname="Ayfers-MacBook-Pro.local" name="Tests.TimeZoneMainTestPage" tests="1" failures="0" timestamp="18 Dec 2019 19:50:52 GMT" time="13.463" errors="0">
  <testcase name="currentTimeZone" time="13.463" classname="Tests.TimeZoneMainTestPage"/>
</testsuite> <!-- Tests.TimeZoneMainTestPage -->
