<?xml version="1.0" encoding="UTF-8"?>
<!-- Generated by org.testng.reporters.JUnitReportReporter -->
<testsuite skipped="0" hostname="Ayfers-MacBook-Pro.local" name="Tests.TimeMachineTestPage" tests="1" failures="0" timestamp="18 Dec 2019 19:50:52 GMT" time="24.210" errors="0">
  <testcase name="timeMachine" time="24.210" classname="Tests.TimeMachineTestPage"/>
</testsuite> <!-- Tests.TimeMachineTestPage -->
