<?xml version="1.0" encoding="UTF-8"?>
<!-- Generated by org.testng.reporters.JUnitReportReporter -->
<testsuite skipped="0" hostname="Ayfers-MacBook-Pro.local" name="Tests.HotelsDistancePageTest" tests="3" failures="0" timestamp="02 Dec 2019 05:43:20 GMT" time="331.746" errors="0">
  <testcase name="threeStarsHotels" time="109.952" classname="Tests.HotelsDistancePageTest"/>
  <testcase name="fourStarsHotels" time="113.064" classname="Tests.HotelsDistancePageTest"/>
  <testcase name="fiveStarsHotels" time="108.730" classname="Tests.HotelsDistancePageTest"/>
</testsuite> <!-- Tests.HotelsDistancePageTest -->
