<?xml version="1.0" encoding="UTF-8"?>
<!-- Generated by org.testng.reporters.JUnitReportReporter -->
<testsuite skipped="0" hostname="Ayfers-MacBook-Pro.local" name="Tests.VerizonTabletComparePageTest" tests="2" failures="0" timestamp="20 Nov 2019 22:36:34 GMT" time="29.145" errors="0">
  <testcase name="getTitle" time="11.759" classname="Tests.VerizonTabletComparePageTest"/>
  <testcase name="doSendAndClick" time="17.386" classname="Tests.VerizonTabletComparePageTest"/>
</testsuite> <!-- Tests.VerizonTabletComparePageTest -->
