<?xml version="1.0" encoding="UTF-8"?>
<!-- Generated by org.testng.reporters.JUnitReportReporter -->
<testsuite skipped="0" hostname="Ayfers-MacBook-Pro.local" name="Tests.VerizonShopMainPageTest" tests="2" failures="0" timestamp="20 Nov 2019 22:36:34 GMT" time="22.435" errors="0">
  <testcase name="getTitle" time="9.582" classname="Tests.VerizonShopMainPageTest"/>
  <testcase name="doSendAndClick" time="12.853" classname="Tests.VerizonShopMainPageTest"/>
</testsuite> <!-- Tests.VerizonShopMainPageTest -->
